[2025-07-16T21:12:50.228+0000] {local_task_job_runner.py:120} INFO - ::group::Pre task execution logs
[2025-07-16T21:12:50.372+0000] {taskinstance.py:2076} INFO - Dependencies all met for dep_context=non-requeueable deps ti=<TaskInstance: etl_pipeline.extract manual__2025-07-16T21:07:39+00:00 [queued]>
[2025-07-16T21:12:50.379+0000] {taskinstance.py:2076} INFO - Dependencies all met for dep_context=requeueable deps ti=<TaskInstance: etl_pipeline.extract manual__2025-07-16T21:07:39+00:00 [queued]>
[2025-07-16T21:12:50.379+0000] {taskinstance.py:2306} INFO - Starting attempt 2 of 2
[2025-07-16T21:12:50.389+0000] {taskinstance.py:2330} INFO - Executing <Task(_PythonDecoratedOperator): extract> on 2025-07-16 21:07:39+00:00
[2025-07-16T21:12:50.394+0000] {standard_task_runner.py:63} INFO - Started process 155 to run task
[2025-07-16T21:12:50.400+0000] {standard_task_runner.py:90} INFO - Running: ['airflow', 'tasks', 'run', 'etl_pipeline', 'extract', 'manual__2025-07-16T21:07:39+00:00', '--job-id', '6', '--raw', '--subdir', 'DAGS_FOLDER/etl_dag.py', '--cfg-path', '/tmp/tmp4l9l1m4f']
[2025-07-16T21:12:50.403+0000] {standard_task_runner.py:91} INFO - Job 6: Subtask extract
[2025-07-16T21:12:50.454+0000] {task_command.py:426} INFO - Running <TaskInstance: etl_pipeline.extract manual__2025-07-16T21:07:39+00:00 [running]> on host 133ed89fe8ce
[2025-07-16T21:12:50.521+0000] {taskinstance.py:2648} INFO - Exporting env vars: AIRFLOW_CTX_DAG_OWNER='airflow' AIRFLOW_CTX_DAG_ID='etl_pipeline' AIRFLOW_CTX_TASK_ID='extract' AIRFLOW_CTX_EXECUTION_DATE='2025-07-16T21:07:39+00:00' AIRFLOW_CTX_TRY_NUMBER='2' AIRFLOW_CTX_DAG_RUN_ID='manual__2025-07-16T21:07:39+00:00'
[2025-07-16T21:12:50.522+0000] {taskinstance.py:430} INFO - ::endgroup::
[2025-07-16T21:12:50.524+0000] {taskinstance.py:441} INFO - ::group::Post task execution logs
[2025-07-16T21:12:50.524+0000] {taskinstance.py:2905} ERROR - Task failed with exception
Traceback (most recent call last):
  File "/home/airflow/.local/lib/python3.11/site-packages/airflow/models/taskinstance.py", line 465, in _execute_task
    result = _execute_callable(context=context, **execute_callable_kwargs)
             ^^^^^^^^^^^^^^^^^^^^^^^^^^^^^^^^^^^^^^^^^^^^^^^^^^^^^^^^^^^^^
  File "/home/airflow/.local/lib/python3.11/site-packages/airflow/models/taskinstance.py", line 432, in _execute_callable
    return execute_callable(context=context, **execute_callable_kwargs)
           ^^^^^^^^^^^^^^^^^^^^^^^^^^^^^^^^^^^^^^^^^^^^^^^^^^^^^^^^^^^^
  File "/home/airflow/.local/lib/python3.11/site-packages/airflow/models/baseoperator.py", line 400, in wrapper
    return func(self, *args, **kwargs)
           ^^^^^^^^^^^^^^^^^^^^^^^^^^^
  File "/home/airflow/.local/lib/python3.11/site-packages/airflow/decorators/base.py", line 265, in execute
    return_value = super().execute(context)
                   ^^^^^^^^^^^^^^^^^^^^^^^^
  File "/home/airflow/.local/lib/python3.11/site-packages/airflow/models/baseoperator.py", line 400, in wrapper
    return func(self, *args, **kwargs)
           ^^^^^^^^^^^^^^^^^^^^^^^^^^^
  File "/home/airflow/.local/lib/python3.11/site-packages/airflow/operators/python.py", line 235, in execute
    return_value = self.execute_callable()
                   ^^^^^^^^^^^^^^^^^^^^^^^
  File "/home/airflow/.local/lib/python3.11/site-packages/airflow/operators/python.py", line 252, in execute_callable
    return self.python_callable(*self.op_args, **self.op_kwargs)
           ^^^^^^^^^^^^^^^^^^^^^^^^^^^^^^^^^^^^^^^^^^^^^^^^^^^^^
  File "/opt/airflow/dags/etl_dag.py", line 25, in extract
    return _extract().to_dict(orient="records")
           ^^^^^^^^^^
  File "/opt/airflow/app/pipeline.py", line 19, in extract
    return pd.read_csv(CSV_PATH)
           ^^^^^^^^^^^^^^^^^^^^^
  File "/home/airflow/.local/lib/python3.11/site-packages/pandas/io/parsers/readers.py", line 948, in read_csv
    return _read(filepath_or_buffer, kwds)
           ^^^^^^^^^^^^^^^^^^^^^^^^^^^^^^^
  File "/home/airflow/.local/lib/python3.11/site-packages/pandas/io/parsers/readers.py", line 611, in _read
    parser = TextFileReader(filepath_or_buffer, **kwds)
             ^^^^^^^^^^^^^^^^^^^^^^^^^^^^^^^^^^^^^^^^^^
  File "/home/airflow/.local/lib/python3.11/site-packages/pandas/io/parsers/readers.py", line 1448, in __init__
    self._engine = self._make_engine(f, self.engine)
                   ^^^^^^^^^^^^^^^^^^^^^^^^^^^^^^^^^
  File "/home/airflow/.local/lib/python3.11/site-packages/pandas/io/parsers/readers.py", line 1705, in _make_engine
    self.handles = get_handle(
                   ^^^^^^^^^^^
  File "/home/airflow/.local/lib/python3.11/site-packages/pandas/io/common.py", line 863, in get_handle
    handle = open(
             ^^^^^
FileNotFoundError: [Errno 2] No such file or directory: '/app/data/input.csv'
[2025-07-16T21:12:50.543+0000] {taskinstance.py:1206} INFO - Marking task as FAILED. dag_id=etl_pipeline, task_id=extract, run_id=manual__2025-07-16T21:07:39+00:00, execution_date=20250716T210739, start_date=20250716T211250, end_date=20250716T211250
[2025-07-16T21:12:50.558+0000] {standard_task_runner.py:110} ERROR - Failed to execute job 6 for task extract ([Errno 2] No such file or directory: '/app/data/input.csv'; 155)
[2025-07-16T21:12:50.573+0000] {local_task_job_runner.py:240} INFO - Task exited with return code 1
[2025-07-16T21:12:50.590+0000] {taskinstance.py:3498} INFO - 0 downstream tasks scheduled from follow-on schedule check
[2025-07-16T21:12:50.594+0000] {local_task_job_runner.py:222} INFO - ::endgroup::
