[2025-06-28T03:06:38.878+0000] {processor.py:161} INFO - Started process (PID=23) to work on /opt/airflow/dags/etl_dag.py
[2025-06-28T03:06:38.879+0000] {processor.py:830} INFO - Processing file /opt/airflow/dags/etl_dag.py for tasks to queue
[2025-06-28T03:06:38.883+0000] {logging_mixin.py:188} INFO - [2025-06-28T03:06:38.882+0000] {dagbag.py:545} INFO - Filling up the DagBag from /opt/airflow/dags/etl_dag.py
[2025-06-28T03:06:40.065+0000] {processor.py:840} INFO - DAG(s) 'etl_pipeline' retrieved from /opt/airflow/dags/etl_dag.py
[2025-06-28T03:06:40.109+0000] {logging_mixin.py:188} INFO - [2025-06-28T03:06:40.109+0000] {dag.py:3096} INFO - Sync 1 DAGs
[2025-06-28T03:06:40.131+0000] {logging_mixin.py:188} INFO - [2025-06-28T03:06:40.131+0000] {dag.py:3954} INFO - Setting next_dagrun for etl_pipeline to 2025-06-28 00:00:00+00:00, run_after=2025-06-29 00:00:00+00:00
[2025-06-28T03:06:40.152+0000] {processor.py:183} INFO - Processing /opt/airflow/dags/etl_dag.py took 1.286 seconds
[2025-06-28T03:07:10.267+0000] {processor.py:161} INFO - Started process (PID=33) to work on /opt/airflow/dags/etl_dag.py
[2025-06-28T03:07:10.269+0000] {processor.py:830} INFO - Processing file /opt/airflow/dags/etl_dag.py for tasks to queue
[2025-06-28T03:07:10.273+0000] {logging_mixin.py:188} INFO - [2025-06-28T03:07:10.272+0000] {dagbag.py:545} INFO - Filling up the DagBag from /opt/airflow/dags/etl_dag.py
[2025-06-28T03:07:10.804+0000] {processor.py:840} INFO - DAG(s) 'etl_pipeline' retrieved from /opt/airflow/dags/etl_dag.py
[2025-06-28T03:07:10.830+0000] {logging_mixin.py:188} INFO - [2025-06-28T03:07:10.830+0000] {dag.py:3096} INFO - Sync 1 DAGs
[2025-06-28T03:07:10.849+0000] {logging_mixin.py:188} INFO - [2025-06-28T03:07:10.849+0000] {dag.py:3954} INFO - Setting next_dagrun for etl_pipeline to 2025-06-28 00:00:00+00:00, run_after=2025-06-29 00:00:00+00:00
[2025-06-28T03:07:10.866+0000] {processor.py:183} INFO - Processing /opt/airflow/dags/etl_dag.py took 0.611 seconds
[2025-06-28T03:07:41.117+0000] {processor.py:161} INFO - Started process (PID=35) to work on /opt/airflow/dags/etl_dag.py
[2025-06-28T03:07:41.119+0000] {processor.py:830} INFO - Processing file /opt/airflow/dags/etl_dag.py for tasks to queue
[2025-06-28T03:07:41.120+0000] {logging_mixin.py:188} INFO - [2025-06-28T03:07:41.120+0000] {dagbag.py:545} INFO - Filling up the DagBag from /opt/airflow/dags/etl_dag.py
[2025-06-28T03:07:41.474+0000] {processor.py:840} INFO - DAG(s) 'etl_pipeline' retrieved from /opt/airflow/dags/etl_dag.py
[2025-06-28T03:07:41.497+0000] {logging_mixin.py:188} INFO - [2025-06-28T03:07:41.496+0000] {dag.py:3096} INFO - Sync 1 DAGs
[2025-06-28T03:07:41.512+0000] {logging_mixin.py:188} INFO - [2025-06-28T03:07:41.512+0000] {dag.py:3954} INFO - Setting next_dagrun for etl_pipeline to 2025-06-28 00:00:00+00:00, run_after=2025-06-29 00:00:00+00:00
[2025-06-28T03:07:41.529+0000] {processor.py:183} INFO - Processing /opt/airflow/dags/etl_dag.py took 0.417 seconds
[2025-06-28T03:08:11.637+0000] {processor.py:161} INFO - Started process (PID=37) to work on /opt/airflow/dags/etl_dag.py
[2025-06-28T03:08:11.642+0000] {processor.py:830} INFO - Processing file /opt/airflow/dags/etl_dag.py for tasks to queue
[2025-06-28T03:08:11.649+0000] {logging_mixin.py:188} INFO - [2025-06-28T03:08:11.648+0000] {dagbag.py:545} INFO - Filling up the DagBag from /opt/airflow/dags/etl_dag.py
[2025-06-28T03:08:13.179+0000] {processor.py:840} INFO - DAG(s) 'etl_pipeline' retrieved from /opt/airflow/dags/etl_dag.py
[2025-06-28T03:08:13.241+0000] {logging_mixin.py:188} INFO - [2025-06-28T03:08:13.239+0000] {dag.py:3096} INFO - Sync 1 DAGs
[2025-06-28T03:08:13.318+0000] {logging_mixin.py:188} INFO - [2025-06-28T03:08:13.317+0000] {dag.py:3954} INFO - Setting next_dagrun for etl_pipeline to 2025-06-28 00:00:00+00:00, run_after=2025-06-29 00:00:00+00:00
[2025-06-28T03:08:13.376+0000] {processor.py:183} INFO - Processing /opt/airflow/dags/etl_dag.py took 1.770 seconds
[2025-06-28T03:08:43.580+0000] {processor.py:161} INFO - Started process (PID=39) to work on /opt/airflow/dags/etl_dag.py
[2025-06-28T03:08:43.581+0000] {processor.py:830} INFO - Processing file /opt/airflow/dags/etl_dag.py for tasks to queue
[2025-06-28T03:08:43.583+0000] {logging_mixin.py:188} INFO - [2025-06-28T03:08:43.582+0000] {dagbag.py:545} INFO - Filling up the DagBag from /opt/airflow/dags/etl_dag.py
[2025-06-28T03:08:43.871+0000] {processor.py:840} INFO - DAG(s) 'etl_pipeline' retrieved from /opt/airflow/dags/etl_dag.py
[2025-06-28T03:08:43.931+0000] {logging_mixin.py:188} INFO - [2025-06-28T03:08:43.929+0000] {dag.py:3096} INFO - Sync 1 DAGs
[2025-06-28T03:08:43.944+0000] {logging_mixin.py:188} INFO - [2025-06-28T03:08:43.944+0000] {dag.py:3954} INFO - Setting next_dagrun for etl_pipeline to 2025-06-28 00:00:00+00:00, run_after=2025-06-29 00:00:00+00:00
[2025-06-28T03:08:43.960+0000] {processor.py:183} INFO - Processing /opt/airflow/dags/etl_dag.py took 0.386 seconds
[2025-06-28T03:09:14.100+0000] {processor.py:161} INFO - Started process (PID=41) to work on /opt/airflow/dags/etl_dag.py
[2025-06-28T03:09:14.103+0000] {processor.py:830} INFO - Processing file /opt/airflow/dags/etl_dag.py for tasks to queue
[2025-06-28T03:09:14.105+0000] {logging_mixin.py:188} INFO - [2025-06-28T03:09:14.105+0000] {dagbag.py:545} INFO - Filling up the DagBag from /opt/airflow/dags/etl_dag.py
[2025-06-28T03:09:14.626+0000] {processor.py:840} INFO - DAG(s) 'etl_pipeline' retrieved from /opt/airflow/dags/etl_dag.py
[2025-06-28T03:09:14.651+0000] {logging_mixin.py:188} INFO - [2025-06-28T03:09:14.650+0000] {dag.py:3096} INFO - Sync 1 DAGs
[2025-06-28T03:09:14.666+0000] {logging_mixin.py:188} INFO - [2025-06-28T03:09:14.666+0000] {dag.py:3954} INFO - Setting next_dagrun for etl_pipeline to 2025-06-28 00:00:00+00:00, run_after=2025-06-29 00:00:00+00:00
[2025-06-28T03:09:14.682+0000] {processor.py:183} INFO - Processing /opt/airflow/dags/etl_dag.py took 0.587 seconds
[2025-06-28T03:09:44.887+0000] {processor.py:161} INFO - Started process (PID=43) to work on /opt/airflow/dags/etl_dag.py
[2025-06-28T03:09:44.890+0000] {processor.py:830} INFO - Processing file /opt/airflow/dags/etl_dag.py for tasks to queue
[2025-06-28T03:09:44.894+0000] {logging_mixin.py:188} INFO - [2025-06-28T03:09:44.893+0000] {dagbag.py:545} INFO - Filling up the DagBag from /opt/airflow/dags/etl_dag.py
[2025-06-28T03:09:45.633+0000] {processor.py:840} INFO - DAG(s) 'etl_pipeline' retrieved from /opt/airflow/dags/etl_dag.py
[2025-06-28T03:09:45.683+0000] {logging_mixin.py:188} INFO - [2025-06-28T03:09:45.681+0000] {dag.py:3096} INFO - Sync 1 DAGs
[2025-06-28T03:09:45.720+0000] {logging_mixin.py:188} INFO - [2025-06-28T03:09:45.720+0000] {dag.py:3954} INFO - Setting next_dagrun for etl_pipeline to 2025-06-28 00:00:00+00:00, run_after=2025-06-29 00:00:00+00:00
[2025-06-28T03:09:45.749+0000] {processor.py:183} INFO - Processing /opt/airflow/dags/etl_dag.py took 0.885 seconds
[2025-06-28T03:10:15.901+0000] {processor.py:161} INFO - Started process (PID=45) to work on /opt/airflow/dags/etl_dag.py
[2025-06-28T03:10:15.902+0000] {processor.py:830} INFO - Processing file /opt/airflow/dags/etl_dag.py for tasks to queue
[2025-06-28T03:10:15.904+0000] {logging_mixin.py:188} INFO - [2025-06-28T03:10:15.904+0000] {dagbag.py:545} INFO - Filling up the DagBag from /opt/airflow/dags/etl_dag.py
[2025-06-28T03:10:16.293+0000] {processor.py:840} INFO - DAG(s) 'etl_pipeline' retrieved from /opt/airflow/dags/etl_dag.py
[2025-06-28T03:10:16.312+0000] {logging_mixin.py:188} INFO - [2025-06-28T03:10:16.312+0000] {dag.py:3096} INFO - Sync 1 DAGs
[2025-06-28T03:10:16.327+0000] {logging_mixin.py:188} INFO - [2025-06-28T03:10:16.327+0000] {dag.py:3954} INFO - Setting next_dagrun for etl_pipeline to 2025-06-28 00:00:00+00:00, run_after=2025-06-29 00:00:00+00:00
[2025-06-28T03:10:16.344+0000] {processor.py:183} INFO - Processing /opt/airflow/dags/etl_dag.py took 0.448 seconds
[2025-06-28T03:10:46.496+0000] {processor.py:161} INFO - Started process (PID=47) to work on /opt/airflow/dags/etl_dag.py
[2025-06-28T03:10:46.497+0000] {processor.py:830} INFO - Processing file /opt/airflow/dags/etl_dag.py for tasks to queue
[2025-06-28T03:10:46.499+0000] {logging_mixin.py:188} INFO - [2025-06-28T03:10:46.498+0000] {dagbag.py:545} INFO - Filling up the DagBag from /opt/airflow/dags/etl_dag.py
[2025-06-28T03:10:46.822+0000] {processor.py:840} INFO - DAG(s) 'etl_pipeline' retrieved from /opt/airflow/dags/etl_dag.py
[2025-06-28T03:10:46.845+0000] {logging_mixin.py:188} INFO - [2025-06-28T03:10:46.845+0000] {dag.py:3096} INFO - Sync 1 DAGs
[2025-06-28T03:10:46.861+0000] {logging_mixin.py:188} INFO - [2025-06-28T03:10:46.861+0000] {dag.py:3954} INFO - Setting next_dagrun for etl_pipeline to 2025-06-28 00:00:00+00:00, run_after=2025-06-29 00:00:00+00:00
[2025-06-28T03:10:46.875+0000] {processor.py:183} INFO - Processing /opt/airflow/dags/etl_dag.py took 0.385 seconds
[2025-06-28T03:11:17.055+0000] {processor.py:161} INFO - Started process (PID=49) to work on /opt/airflow/dags/etl_dag.py
[2025-06-28T03:11:17.057+0000] {processor.py:830} INFO - Processing file /opt/airflow/dags/etl_dag.py for tasks to queue
[2025-06-28T03:11:17.060+0000] {logging_mixin.py:188} INFO - [2025-06-28T03:11:17.059+0000] {dagbag.py:545} INFO - Filling up the DagBag from /opt/airflow/dags/etl_dag.py
[2025-06-28T03:11:17.391+0000] {processor.py:840} INFO - DAG(s) 'etl_pipeline' retrieved from /opt/airflow/dags/etl_dag.py
[2025-06-28T03:11:17.415+0000] {logging_mixin.py:188} INFO - [2025-06-28T03:11:17.414+0000] {dag.py:3096} INFO - Sync 1 DAGs
[2025-06-28T03:11:17.431+0000] {logging_mixin.py:188} INFO - [2025-06-28T03:11:17.431+0000] {dag.py:3954} INFO - Setting next_dagrun for etl_pipeline to 2025-06-28 00:00:00+00:00, run_after=2025-06-29 00:00:00+00:00
[2025-06-28T03:11:17.447+0000] {processor.py:183} INFO - Processing /opt/airflow/dags/etl_dag.py took 0.400 seconds
[2025-06-28T03:11:47.781+0000] {processor.py:161} INFO - Started process (PID=59) to work on /opt/airflow/dags/etl_dag.py
[2025-06-28T03:11:47.782+0000] {processor.py:830} INFO - Processing file /opt/airflow/dags/etl_dag.py for tasks to queue
[2025-06-28T03:11:47.784+0000] {logging_mixin.py:188} INFO - [2025-06-28T03:11:47.784+0000] {dagbag.py:545} INFO - Filling up the DagBag from /opt/airflow/dags/etl_dag.py
[2025-06-28T03:11:48.088+0000] {processor.py:840} INFO - DAG(s) 'etl_pipeline' retrieved from /opt/airflow/dags/etl_dag.py
[2025-06-28T03:11:48.106+0000] {logging_mixin.py:188} INFO - [2025-06-28T03:11:48.105+0000] {dag.py:3096} INFO - Sync 1 DAGs
[2025-06-28T03:11:48.120+0000] {logging_mixin.py:188} INFO - [2025-06-28T03:11:48.120+0000] {dag.py:3954} INFO - Setting next_dagrun for etl_pipeline to 2025-06-28 00:00:00+00:00, run_after=2025-06-29 00:00:00+00:00
[2025-06-28T03:11:48.133+0000] {processor.py:183} INFO - Processing /opt/airflow/dags/etl_dag.py took 0.359 seconds
[2025-06-28T03:12:18.340+0000] {processor.py:161} INFO - Started process (PID=61) to work on /opt/airflow/dags/etl_dag.py
[2025-06-28T03:12:18.341+0000] {processor.py:830} INFO - Processing file /opt/airflow/dags/etl_dag.py for tasks to queue
[2025-06-28T03:12:18.343+0000] {logging_mixin.py:188} INFO - [2025-06-28T03:12:18.343+0000] {dagbag.py:545} INFO - Filling up the DagBag from /opt/airflow/dags/etl_dag.py
[2025-06-28T03:12:18.653+0000] {processor.py:840} INFO - DAG(s) 'etl_pipeline' retrieved from /opt/airflow/dags/etl_dag.py
[2025-06-28T03:12:18.671+0000] {logging_mixin.py:188} INFO - [2025-06-28T03:12:18.670+0000] {dag.py:3096} INFO - Sync 1 DAGs
[2025-06-28T03:12:18.685+0000] {logging_mixin.py:188} INFO - [2025-06-28T03:12:18.685+0000] {dag.py:3954} INFO - Setting next_dagrun for etl_pipeline to 2025-06-28 00:00:00+00:00, run_after=2025-06-29 00:00:00+00:00
[2025-06-28T03:12:18.699+0000] {processor.py:183} INFO - Processing /opt/airflow/dags/etl_dag.py took 0.366 seconds
[2025-06-28T03:12:48.911+0000] {processor.py:161} INFO - Started process (PID=63) to work on /opt/airflow/dags/etl_dag.py
[2025-06-28T03:12:48.915+0000] {processor.py:830} INFO - Processing file /opt/airflow/dags/etl_dag.py for tasks to queue
[2025-06-28T03:12:48.919+0000] {logging_mixin.py:188} INFO - [2025-06-28T03:12:48.916+0000] {dagbag.py:545} INFO - Filling up the DagBag from /opt/airflow/dags/etl_dag.py
[2025-06-28T03:12:49.251+0000] {processor.py:840} INFO - DAG(s) 'etl_pipeline' retrieved from /opt/airflow/dags/etl_dag.py
[2025-06-28T03:12:49.273+0000] {logging_mixin.py:188} INFO - [2025-06-28T03:12:49.273+0000] {dag.py:3096} INFO - Sync 1 DAGs
[2025-06-28T03:12:49.288+0000] {logging_mixin.py:188} INFO - [2025-06-28T03:12:49.288+0000] {dag.py:3954} INFO - Setting next_dagrun for etl_pipeline to 2025-06-28 00:00:00+00:00, run_after=2025-06-29 00:00:00+00:00
[2025-06-28T03:12:49.303+0000] {processor.py:183} INFO - Processing /opt/airflow/dags/etl_dag.py took 0.398 seconds
[2025-06-28T03:13:20.074+0000] {processor.py:161} INFO - Started process (PID=65) to work on /opt/airflow/dags/etl_dag.py
[2025-06-28T03:13:20.075+0000] {processor.py:830} INFO - Processing file /opt/airflow/dags/etl_dag.py for tasks to queue
[2025-06-28T03:13:20.180+0000] {logging_mixin.py:188} INFO - [2025-06-28T03:13:20.180+0000] {dagbag.py:545} INFO - Filling up the DagBag from /opt/airflow/dags/etl_dag.py
[2025-06-28T03:13:20.373+0000] {processor.py:840} INFO - DAG(s) 'etl_pipeline' retrieved from /opt/airflow/dags/etl_dag.py
[2025-06-28T03:13:20.391+0000] {logging_mixin.py:188} INFO - [2025-06-28T03:13:20.391+0000] {dag.py:3096} INFO - Sync 1 DAGs
[2025-06-28T03:13:20.403+0000] {logging_mixin.py:188} INFO - [2025-06-28T03:13:20.403+0000] {dag.py:3954} INFO - Setting next_dagrun for etl_pipeline to 2025-06-28 00:00:00+00:00, run_after=2025-06-29 00:00:00+00:00
[2025-06-28T03:13:20.418+0000] {processor.py:183} INFO - Processing /opt/airflow/dags/etl_dag.py took 0.349 seconds
[2025-06-28T03:13:50.719+0000] {processor.py:161} INFO - Started process (PID=67) to work on /opt/airflow/dags/etl_dag.py
[2025-06-28T03:13:50.720+0000] {processor.py:830} INFO - Processing file /opt/airflow/dags/etl_dag.py for tasks to queue
[2025-06-28T03:13:50.722+0000] {logging_mixin.py:188} INFO - [2025-06-28T03:13:50.721+0000] {dagbag.py:545} INFO - Filling up the DagBag from /opt/airflow/dags/etl_dag.py
[2025-06-28T03:13:50.928+0000] {processor.py:840} INFO - DAG(s) 'etl_pipeline' retrieved from /opt/airflow/dags/etl_dag.py
[2025-06-28T03:13:50.952+0000] {logging_mixin.py:188} INFO - [2025-06-28T03:13:50.952+0000] {dag.py:3096} INFO - Sync 1 DAGs
[2025-06-28T03:13:50.970+0000] {logging_mixin.py:188} INFO - [2025-06-28T03:13:50.970+0000] {dag.py:3954} INFO - Setting next_dagrun for etl_pipeline to 2025-06-28 00:00:00+00:00, run_after=2025-06-29 00:00:00+00:00
[2025-06-28T03:13:50.986+0000] {processor.py:183} INFO - Processing /opt/airflow/dags/etl_dag.py took 0.271 seconds
[2025-06-28T03:14:21.097+0000] {processor.py:161} INFO - Started process (PID=69) to work on /opt/airflow/dags/etl_dag.py
[2025-06-28T03:14:21.098+0000] {processor.py:830} INFO - Processing file /opt/airflow/dags/etl_dag.py for tasks to queue
[2025-06-28T03:14:21.100+0000] {logging_mixin.py:188} INFO - [2025-06-28T03:14:21.100+0000] {dagbag.py:545} INFO - Filling up the DagBag from /opt/airflow/dags/etl_dag.py
[2025-06-28T03:14:21.319+0000] {processor.py:840} INFO - DAG(s) 'etl_pipeline' retrieved from /opt/airflow/dags/etl_dag.py
[2025-06-28T03:14:21.345+0000] {logging_mixin.py:188} INFO - [2025-06-28T03:14:21.344+0000] {dag.py:3096} INFO - Sync 1 DAGs
[2025-06-28T03:14:21.363+0000] {logging_mixin.py:188} INFO - [2025-06-28T03:14:21.363+0000] {dag.py:3954} INFO - Setting next_dagrun for etl_pipeline to 2025-06-28 00:00:00+00:00, run_after=2025-06-29 00:00:00+00:00
[2025-06-28T03:14:21.381+0000] {processor.py:183} INFO - Processing /opt/airflow/dags/etl_dag.py took 0.291 seconds
[2025-06-28T03:14:51.618+0000] {processor.py:161} INFO - Started process (PID=71) to work on /opt/airflow/dags/etl_dag.py
[2025-06-28T03:14:51.619+0000] {processor.py:830} INFO - Processing file /opt/airflow/dags/etl_dag.py for tasks to queue
[2025-06-28T03:14:51.621+0000] {logging_mixin.py:188} INFO - [2025-06-28T03:14:51.620+0000] {dagbag.py:545} INFO - Filling up the DagBag from /opt/airflow/dags/etl_dag.py
[2025-06-28T03:14:51.832+0000] {processor.py:840} INFO - DAG(s) 'etl_pipeline' retrieved from /opt/airflow/dags/etl_dag.py
[2025-06-28T03:14:51.852+0000] {logging_mixin.py:188} INFO - [2025-06-28T03:14:51.852+0000] {dag.py:3096} INFO - Sync 1 DAGs
[2025-06-28T03:14:51.868+0000] {logging_mixin.py:188} INFO - [2025-06-28T03:14:51.868+0000] {dag.py:3954} INFO - Setting next_dagrun for etl_pipeline to 2025-06-28 00:00:00+00:00, run_after=2025-06-29 00:00:00+00:00
[2025-06-28T03:14:51.883+0000] {processor.py:183} INFO - Processing /opt/airflow/dags/etl_dag.py took 0.270 seconds
[2025-06-28T03:15:22.595+0000] {processor.py:161} INFO - Started process (PID=73) to work on /opt/airflow/dags/etl_dag.py
[2025-06-28T03:15:22.596+0000] {processor.py:830} INFO - Processing file /opt/airflow/dags/etl_dag.py for tasks to queue
[2025-06-28T03:15:22.598+0000] {logging_mixin.py:188} INFO - [2025-06-28T03:15:22.598+0000] {dagbag.py:545} INFO - Filling up the DagBag from /opt/airflow/dags/etl_dag.py
[2025-06-28T03:15:22.814+0000] {processor.py:840} INFO - DAG(s) 'etl_pipeline' retrieved from /opt/airflow/dags/etl_dag.py
[2025-06-28T03:15:22.836+0000] {logging_mixin.py:188} INFO - [2025-06-28T03:15:22.835+0000] {dag.py:3096} INFO - Sync 1 DAGs
[2025-06-28T03:15:22.850+0000] {logging_mixin.py:188} INFO - [2025-06-28T03:15:22.850+0000] {dag.py:3954} INFO - Setting next_dagrun for etl_pipeline to 2025-06-28 00:00:00+00:00, run_after=2025-06-29 00:00:00+00:00
[2025-06-28T03:15:22.867+0000] {processor.py:183} INFO - Processing /opt/airflow/dags/etl_dag.py took 0.276 seconds
[2025-06-28T03:15:53.231+0000] {processor.py:161} INFO - Started process (PID=75) to work on /opt/airflow/dags/etl_dag.py
[2025-06-28T03:15:53.233+0000] {processor.py:830} INFO - Processing file /opt/airflow/dags/etl_dag.py for tasks to queue
[2025-06-28T03:15:53.236+0000] {logging_mixin.py:188} INFO - [2025-06-28T03:15:53.235+0000] {dagbag.py:545} INFO - Filling up the DagBag from /opt/airflow/dags/etl_dag.py
[2025-06-28T03:15:53.435+0000] {processor.py:840} INFO - DAG(s) 'etl_pipeline' retrieved from /opt/airflow/dags/etl_dag.py
[2025-06-28T03:15:53.458+0000] {logging_mixin.py:188} INFO - [2025-06-28T03:15:53.458+0000] {dag.py:3096} INFO - Sync 1 DAGs
[2025-06-28T03:15:53.475+0000] {logging_mixin.py:188} INFO - [2025-06-28T03:15:53.474+0000] {dag.py:3954} INFO - Setting next_dagrun for etl_pipeline to 2025-06-28 00:00:00+00:00, run_after=2025-06-29 00:00:00+00:00
[2025-06-28T03:15:53.490+0000] {processor.py:183} INFO - Processing /opt/airflow/dags/etl_dag.py took 0.265 seconds
[2025-06-28T03:16:24.169+0000] {processor.py:161} INFO - Started process (PID=77) to work on /opt/airflow/dags/etl_dag.py
[2025-06-28T03:16:24.169+0000] {processor.py:830} INFO - Processing file /opt/airflow/dags/etl_dag.py for tasks to queue
[2025-06-28T03:16:24.171+0000] {logging_mixin.py:188} INFO - [2025-06-28T03:16:24.170+0000] {dagbag.py:545} INFO - Filling up the DagBag from /opt/airflow/dags/etl_dag.py
[2025-06-28T03:16:24.369+0000] {processor.py:840} INFO - DAG(s) 'etl_pipeline' retrieved from /opt/airflow/dags/etl_dag.py
[2025-06-28T03:16:24.389+0000] {logging_mixin.py:188} INFO - [2025-06-28T03:16:24.389+0000] {dag.py:3096} INFO - Sync 1 DAGs
[2025-06-28T03:16:24.404+0000] {logging_mixin.py:188} INFO - [2025-06-28T03:16:24.404+0000] {dag.py:3954} INFO - Setting next_dagrun for etl_pipeline to 2025-06-28 00:00:00+00:00, run_after=2025-06-29 00:00:00+00:00
[2025-06-28T03:16:24.421+0000] {processor.py:183} INFO - Processing /opt/airflow/dags/etl_dag.py took 0.257 seconds
[2025-06-28T03:16:54.721+0000] {processor.py:161} INFO - Started process (PID=79) to work on /opt/airflow/dags/etl_dag.py
[2025-06-28T03:16:54.722+0000] {processor.py:830} INFO - Processing file /opt/airflow/dags/etl_dag.py for tasks to queue
[2025-06-28T03:16:54.724+0000] {logging_mixin.py:188} INFO - [2025-06-28T03:16:54.724+0000] {dagbag.py:545} INFO - Filling up the DagBag from /opt/airflow/dags/etl_dag.py
[2025-06-28T03:16:54.934+0000] {processor.py:840} INFO - DAG(s) 'etl_pipeline' retrieved from /opt/airflow/dags/etl_dag.py
[2025-06-28T03:16:54.954+0000] {logging_mixin.py:188} INFO - [2025-06-28T03:16:54.953+0000] {dag.py:3096} INFO - Sync 1 DAGs
[2025-06-28T03:16:54.972+0000] {logging_mixin.py:188} INFO - [2025-06-28T03:16:54.972+0000] {dag.py:3954} INFO - Setting next_dagrun for etl_pipeline to 2025-06-28 00:00:00+00:00, run_after=2025-06-29 00:00:00+00:00
[2025-06-28T03:16:54.985+0000] {processor.py:183} INFO - Processing /opt/airflow/dags/etl_dag.py took 0.269 seconds
[2025-06-28T03:17:25.667+0000] {processor.py:161} INFO - Started process (PID=81) to work on /opt/airflow/dags/etl_dag.py
[2025-06-28T03:17:25.668+0000] {processor.py:830} INFO - Processing file /opt/airflow/dags/etl_dag.py for tasks to queue
[2025-06-28T03:17:25.669+0000] {logging_mixin.py:188} INFO - [2025-06-28T03:17:25.669+0000] {dagbag.py:545} INFO - Filling up the DagBag from /opt/airflow/dags/etl_dag.py
[2025-06-28T03:17:25.872+0000] {processor.py:840} INFO - DAG(s) 'etl_pipeline' retrieved from /opt/airflow/dags/etl_dag.py
[2025-06-28T03:17:25.893+0000] {logging_mixin.py:188} INFO - [2025-06-28T03:17:25.892+0000] {dag.py:3096} INFO - Sync 1 DAGs
[2025-06-28T03:17:25.912+0000] {logging_mixin.py:188} INFO - [2025-06-28T03:17:25.912+0000] {dag.py:3954} INFO - Setting next_dagrun for etl_pipeline to 2025-06-28 00:00:00+00:00, run_after=2025-06-29 00:00:00+00:00
[2025-06-28T03:17:25.927+0000] {processor.py:183} INFO - Processing /opt/airflow/dags/etl_dag.py took 0.266 seconds
[2025-06-28T03:17:56.796+0000] {processor.py:161} INFO - Started process (PID=83) to work on /opt/airflow/dags/etl_dag.py
[2025-06-28T03:17:56.797+0000] {processor.py:830} INFO - Processing file /opt/airflow/dags/etl_dag.py for tasks to queue
[2025-06-28T03:17:56.799+0000] {logging_mixin.py:188} INFO - [2025-06-28T03:17:56.798+0000] {dagbag.py:545} INFO - Filling up the DagBag from /opt/airflow/dags/etl_dag.py
[2025-06-28T03:17:56.999+0000] {processor.py:840} INFO - DAG(s) 'etl_pipeline' retrieved from /opt/airflow/dags/etl_dag.py
[2025-06-28T03:17:57.019+0000] {logging_mixin.py:188} INFO - [2025-06-28T03:17:57.019+0000] {dag.py:3096} INFO - Sync 1 DAGs
[2025-06-28T03:17:57.033+0000] {logging_mixin.py:188} INFO - [2025-06-28T03:17:57.033+0000] {dag.py:3954} INFO - Setting next_dagrun for etl_pipeline to 2025-06-28 00:00:00+00:00, run_after=2025-06-29 00:00:00+00:00
[2025-06-28T03:17:57.049+0000] {processor.py:183} INFO - Processing /opt/airflow/dags/etl_dag.py took 0.258 seconds
[2025-06-28T03:18:27.599+0000] {processor.py:161} INFO - Started process (PID=85) to work on /opt/airflow/dags/etl_dag.py
[2025-06-28T03:18:27.601+0000] {processor.py:830} INFO - Processing file /opt/airflow/dags/etl_dag.py for tasks to queue
[2025-06-28T03:18:27.602+0000] {logging_mixin.py:188} INFO - [2025-06-28T03:18:27.602+0000] {dagbag.py:545} INFO - Filling up the DagBag from /opt/airflow/dags/etl_dag.py
[2025-06-28T03:18:27.805+0000] {processor.py:840} INFO - DAG(s) 'etl_pipeline' retrieved from /opt/airflow/dags/etl_dag.py
[2025-06-28T03:18:27.830+0000] {logging_mixin.py:188} INFO - [2025-06-28T03:18:27.829+0000] {dag.py:3096} INFO - Sync 1 DAGs
[2025-06-28T03:18:27.846+0000] {logging_mixin.py:188} INFO - [2025-06-28T03:18:27.846+0000] {dag.py:3954} INFO - Setting next_dagrun for etl_pipeline to 2025-06-28 00:00:00+00:00, run_after=2025-06-29 00:00:00+00:00
[2025-06-28T03:18:27.860+0000] {processor.py:183} INFO - Processing /opt/airflow/dags/etl_dag.py took 0.266 seconds
[2025-06-28T03:18:58.028+0000] {processor.py:161} INFO - Started process (PID=87) to work on /opt/airflow/dags/etl_dag.py
[2025-06-28T03:18:58.031+0000] {processor.py:830} INFO - Processing file /opt/airflow/dags/etl_dag.py for tasks to queue
[2025-06-28T03:18:58.032+0000] {logging_mixin.py:188} INFO - [2025-06-28T03:18:58.032+0000] {dagbag.py:545} INFO - Filling up the DagBag from /opt/airflow/dags/etl_dag.py
[2025-06-28T03:18:58.231+0000] {processor.py:840} INFO - DAG(s) 'etl_pipeline' retrieved from /opt/airflow/dags/etl_dag.py
[2025-06-28T03:18:58.253+0000] {logging_mixin.py:188} INFO - [2025-06-28T03:18:58.252+0000] {dag.py:3096} INFO - Sync 1 DAGs
[2025-06-28T03:18:58.268+0000] {logging_mixin.py:188} INFO - [2025-06-28T03:18:58.268+0000] {dag.py:3954} INFO - Setting next_dagrun for etl_pipeline to 2025-06-28 00:00:00+00:00, run_after=2025-06-29 00:00:00+00:00
[2025-06-28T03:18:58.284+0000] {processor.py:183} INFO - Processing /opt/airflow/dags/etl_dag.py took 0.262 seconds
[2025-06-28T03:19:28.346+0000] {processor.py:161} INFO - Started process (PID=89) to work on /opt/airflow/dags/etl_dag.py
[2025-06-28T03:19:28.348+0000] {processor.py:830} INFO - Processing file /opt/airflow/dags/etl_dag.py for tasks to queue
[2025-06-28T03:19:28.354+0000] {logging_mixin.py:188} INFO - [2025-06-28T03:19:28.354+0000] {dagbag.py:545} INFO - Filling up the DagBag from /opt/airflow/dags/etl_dag.py
[2025-06-28T03:19:28.540+0000] {processor.py:840} INFO - DAG(s) 'etl_pipeline' retrieved from /opt/airflow/dags/etl_dag.py
[2025-06-28T03:19:28.567+0000] {logging_mixin.py:188} INFO - [2025-06-28T03:19:28.567+0000] {dag.py:3096} INFO - Sync 1 DAGs
[2025-06-28T03:19:28.583+0000] {logging_mixin.py:188} INFO - [2025-06-28T03:19:28.582+0000] {dag.py:3954} INFO - Setting next_dagrun for etl_pipeline to 2025-06-28 00:00:00+00:00, run_after=2025-06-29 00:00:00+00:00
[2025-06-28T03:19:28.598+0000] {processor.py:183} INFO - Processing /opt/airflow/dags/etl_dag.py took 0.256 seconds
[2025-06-28T03:19:58.884+0000] {processor.py:161} INFO - Started process (PID=91) to work on /opt/airflow/dags/etl_dag.py
[2025-06-28T03:19:58.885+0000] {processor.py:830} INFO - Processing file /opt/airflow/dags/etl_dag.py for tasks to queue
[2025-06-28T03:19:58.886+0000] {logging_mixin.py:188} INFO - [2025-06-28T03:19:58.886+0000] {dagbag.py:545} INFO - Filling up the DagBag from /opt/airflow/dags/etl_dag.py
[2025-06-28T03:19:59.112+0000] {processor.py:840} INFO - DAG(s) 'etl_pipeline' retrieved from /opt/airflow/dags/etl_dag.py
[2025-06-28T03:19:59.135+0000] {logging_mixin.py:188} INFO - [2025-06-28T03:19:59.135+0000] {dag.py:3096} INFO - Sync 1 DAGs
[2025-06-28T03:19:59.155+0000] {logging_mixin.py:188} INFO - [2025-06-28T03:19:59.155+0000] {dag.py:3954} INFO - Setting next_dagrun for etl_pipeline to 2025-06-28 00:00:00+00:00, run_after=2025-06-29 00:00:00+00:00
[2025-06-28T03:19:59.171+0000] {processor.py:183} INFO - Processing /opt/airflow/dags/etl_dag.py took 0.293 seconds
[2025-06-28T03:20:30.168+0000] {processor.py:161} INFO - Started process (PID=93) to work on /opt/airflow/dags/etl_dag.py
[2025-06-28T03:20:30.171+0000] {processor.py:830} INFO - Processing file /opt/airflow/dags/etl_dag.py for tasks to queue
[2025-06-28T03:20:30.174+0000] {logging_mixin.py:188} INFO - [2025-06-28T03:20:30.174+0000] {dagbag.py:545} INFO - Filling up the DagBag from /opt/airflow/dags/etl_dag.py
[2025-06-28T03:20:30.407+0000] {processor.py:840} INFO - DAG(s) 'etl_pipeline' retrieved from /opt/airflow/dags/etl_dag.py
[2025-06-28T03:20:30.429+0000] {logging_mixin.py:188} INFO - [2025-06-28T03:20:30.428+0000] {dag.py:3096} INFO - Sync 1 DAGs
[2025-06-28T03:20:30.450+0000] {logging_mixin.py:188} INFO - [2025-06-28T03:20:30.450+0000] {dag.py:3954} INFO - Setting next_dagrun for etl_pipeline to 2025-06-28 00:00:00+00:00, run_after=2025-06-29 00:00:00+00:00
[2025-06-28T03:20:30.467+0000] {processor.py:183} INFO - Processing /opt/airflow/dags/etl_dag.py took 0.309 seconds
[2025-06-28T03:21:01.013+0000] {processor.py:161} INFO - Started process (PID=95) to work on /opt/airflow/dags/etl_dag.py
[2025-06-28T03:21:01.014+0000] {processor.py:830} INFO - Processing file /opt/airflow/dags/etl_dag.py for tasks to queue
[2025-06-28T03:21:01.016+0000] {logging_mixin.py:188} INFO - [2025-06-28T03:21:01.016+0000] {dagbag.py:545} INFO - Filling up the DagBag from /opt/airflow/dags/etl_dag.py
[2025-06-28T03:21:01.311+0000] {processor.py:840} INFO - DAG(s) 'etl_pipeline' retrieved from /opt/airflow/dags/etl_dag.py
[2025-06-28T03:21:01.346+0000] {logging_mixin.py:188} INFO - [2025-06-28T03:21:01.345+0000] {dag.py:3096} INFO - Sync 1 DAGs
[2025-06-28T03:21:01.365+0000] {logging_mixin.py:188} INFO - [2025-06-28T03:21:01.365+0000] {dag.py:3954} INFO - Setting next_dagrun for etl_pipeline to 2025-06-28 00:00:00+00:00, run_after=2025-06-29 00:00:00+00:00
[2025-06-28T03:21:01.379+0000] {processor.py:183} INFO - Processing /opt/airflow/dags/etl_dag.py took 0.372 seconds
[2025-06-28T03:21:31.555+0000] {processor.py:161} INFO - Started process (PID=97) to work on /opt/airflow/dags/etl_dag.py
[2025-06-28T03:21:31.556+0000] {processor.py:830} INFO - Processing file /opt/airflow/dags/etl_dag.py for tasks to queue
[2025-06-28T03:21:31.558+0000] {logging_mixin.py:188} INFO - [2025-06-28T03:21:31.558+0000] {dagbag.py:545} INFO - Filling up the DagBag from /opt/airflow/dags/etl_dag.py
[2025-06-28T03:21:31.744+0000] {processor.py:840} INFO - DAG(s) 'etl_pipeline' retrieved from /opt/airflow/dags/etl_dag.py
[2025-06-28T03:21:31.793+0000] {logging_mixin.py:188} INFO - [2025-06-28T03:21:31.792+0000] {dag.py:3096} INFO - Sync 1 DAGs
[2025-06-28T03:21:31.812+0000] {logging_mixin.py:188} INFO - [2025-06-28T03:21:31.811+0000] {dag.py:3954} INFO - Setting next_dagrun for etl_pipeline to 2025-06-28 00:00:00+00:00, run_after=2025-06-29 00:00:00+00:00
[2025-06-28T03:21:31.825+0000] {processor.py:183} INFO - Processing /opt/airflow/dags/etl_dag.py took 0.275 seconds
[2025-06-28T03:22:02.145+0000] {processor.py:161} INFO - Started process (PID=99) to work on /opt/airflow/dags/etl_dag.py
[2025-06-28T03:22:02.147+0000] {processor.py:830} INFO - Processing file /opt/airflow/dags/etl_dag.py for tasks to queue
[2025-06-28T03:22:02.148+0000] {logging_mixin.py:188} INFO - [2025-06-28T03:22:02.148+0000] {dagbag.py:545} INFO - Filling up the DagBag from /opt/airflow/dags/etl_dag.py
[2025-06-28T03:22:02.376+0000] {processor.py:840} INFO - DAG(s) 'etl_pipeline' retrieved from /opt/airflow/dags/etl_dag.py
[2025-06-28T03:22:02.423+0000] {logging_mixin.py:188} INFO - [2025-06-28T03:22:02.422+0000] {dag.py:3096} INFO - Sync 1 DAGs
[2025-06-28T03:22:02.447+0000] {logging_mixin.py:188} INFO - [2025-06-28T03:22:02.447+0000] {dag.py:3954} INFO - Setting next_dagrun for etl_pipeline to 2025-06-28 00:00:00+00:00, run_after=2025-06-29 00:00:00+00:00
[2025-06-28T03:22:02.473+0000] {processor.py:183} INFO - Processing /opt/airflow/dags/etl_dag.py took 0.334 seconds
[2025-06-28T03:22:33.038+0000] {processor.py:161} INFO - Started process (PID=101) to work on /opt/airflow/dags/etl_dag.py
[2025-06-28T03:22:33.039+0000] {processor.py:830} INFO - Processing file /opt/airflow/dags/etl_dag.py for tasks to queue
[2025-06-28T03:22:33.040+0000] {logging_mixin.py:188} INFO - [2025-06-28T03:22:33.040+0000] {dagbag.py:545} INFO - Filling up the DagBag from /opt/airflow/dags/etl_dag.py
[2025-06-28T03:22:33.287+0000] {processor.py:840} INFO - DAG(s) 'etl_pipeline' retrieved from /opt/airflow/dags/etl_dag.py
[2025-06-28T03:22:33.326+0000] {logging_mixin.py:188} INFO - [2025-06-28T03:22:33.326+0000] {dag.py:3096} INFO - Sync 1 DAGs
[2025-06-28T03:22:33.358+0000] {logging_mixin.py:188} INFO - [2025-06-28T03:22:33.358+0000] {dag.py:3954} INFO - Setting next_dagrun for etl_pipeline to 2025-06-28 00:00:00+00:00, run_after=2025-06-29 00:00:00+00:00
[2025-06-28T03:22:33.383+0000] {processor.py:183} INFO - Processing /opt/airflow/dags/etl_dag.py took 0.351 seconds
[2025-06-28T03:23:03.722+0000] {processor.py:161} INFO - Started process (PID=103) to work on /opt/airflow/dags/etl_dag.py
[2025-06-28T03:23:03.726+0000] {processor.py:830} INFO - Processing file /opt/airflow/dags/etl_dag.py for tasks to queue
[2025-06-28T03:23:03.730+0000] {logging_mixin.py:188} INFO - [2025-06-28T03:23:03.729+0000] {dagbag.py:545} INFO - Filling up the DagBag from /opt/airflow/dags/etl_dag.py
[2025-06-28T03:23:04.038+0000] {processor.py:840} INFO - DAG(s) 'etl_pipeline' retrieved from /opt/airflow/dags/etl_dag.py
[2025-06-28T03:23:04.086+0000] {logging_mixin.py:188} INFO - [2025-06-28T03:23:04.085+0000] {dag.py:3096} INFO - Sync 1 DAGs
[2025-06-28T03:23:04.110+0000] {logging_mixin.py:188} INFO - [2025-06-28T03:23:04.109+0000] {dag.py:3954} INFO - Setting next_dagrun for etl_pipeline to 2025-06-28 00:00:00+00:00, run_after=2025-06-29 00:00:00+00:00
[2025-06-28T03:23:04.132+0000] {processor.py:183} INFO - Processing /opt/airflow/dags/etl_dag.py took 0.420 seconds
[2025-06-28T03:23:34.447+0000] {processor.py:161} INFO - Started process (PID=105) to work on /opt/airflow/dags/etl_dag.py
[2025-06-28T03:23:34.448+0000] {processor.py:830} INFO - Processing file /opt/airflow/dags/etl_dag.py for tasks to queue
[2025-06-28T03:23:34.450+0000] {logging_mixin.py:188} INFO - [2025-06-28T03:23:34.450+0000] {dagbag.py:545} INFO - Filling up the DagBag from /opt/airflow/dags/etl_dag.py
[2025-06-28T03:23:34.677+0000] {processor.py:840} INFO - DAG(s) 'etl_pipeline' retrieved from /opt/airflow/dags/etl_dag.py
[2025-06-28T03:23:34.703+0000] {logging_mixin.py:188} INFO - [2025-06-28T03:23:34.703+0000] {dag.py:3096} INFO - Sync 1 DAGs
[2025-06-28T03:23:34.724+0000] {logging_mixin.py:188} INFO - [2025-06-28T03:23:34.724+0000] {dag.py:3954} INFO - Setting next_dagrun for etl_pipeline to 2025-06-28 00:00:00+00:00, run_after=2025-06-29 00:00:00+00:00
[2025-06-28T03:23:34.746+0000] {processor.py:183} INFO - Processing /opt/airflow/dags/etl_dag.py took 0.305 seconds
[2025-06-28T03:24:05.070+0000] {processor.py:161} INFO - Started process (PID=107) to work on /opt/airflow/dags/etl_dag.py
[2025-06-28T03:24:05.071+0000] {processor.py:830} INFO - Processing file /opt/airflow/dags/etl_dag.py for tasks to queue
[2025-06-28T03:24:05.072+0000] {logging_mixin.py:188} INFO - [2025-06-28T03:24:05.072+0000] {dagbag.py:545} INFO - Filling up the DagBag from /opt/airflow/dags/etl_dag.py
[2025-06-28T03:24:05.284+0000] {processor.py:840} INFO - DAG(s) 'etl_pipeline' retrieved from /opt/airflow/dags/etl_dag.py
[2025-06-28T03:24:05.305+0000] {logging_mixin.py:188} INFO - [2025-06-28T03:24:05.304+0000] {dag.py:3096} INFO - Sync 1 DAGs
[2025-06-28T03:24:05.321+0000] {logging_mixin.py:188} INFO - [2025-06-28T03:24:05.321+0000] {dag.py:3954} INFO - Setting next_dagrun for etl_pipeline to 2025-06-28 00:00:00+00:00, run_after=2025-06-29 00:00:00+00:00
[2025-06-28T03:24:05.335+0000] {processor.py:183} INFO - Processing /opt/airflow/dags/etl_dag.py took 0.270 seconds
[2025-06-28T03:24:35.574+0000] {processor.py:161} INFO - Started process (PID=109) to work on /opt/airflow/dags/etl_dag.py
[2025-06-28T03:24:35.576+0000] {processor.py:830} INFO - Processing file /opt/airflow/dags/etl_dag.py for tasks to queue
[2025-06-28T03:24:35.578+0000] {logging_mixin.py:188} INFO - [2025-06-28T03:24:35.577+0000] {dagbag.py:545} INFO - Filling up the DagBag from /opt/airflow/dags/etl_dag.py
[2025-06-28T03:24:35.777+0000] {processor.py:840} INFO - DAG(s) 'etl_pipeline' retrieved from /opt/airflow/dags/etl_dag.py
[2025-06-28T03:24:35.800+0000] {logging_mixin.py:188} INFO - [2025-06-28T03:24:35.800+0000] {dag.py:3096} INFO - Sync 1 DAGs
[2025-06-28T03:24:35.818+0000] {logging_mixin.py:188} INFO - [2025-06-28T03:24:35.817+0000] {dag.py:3954} INFO - Setting next_dagrun for etl_pipeline to 2025-06-28 00:00:00+00:00, run_after=2025-06-29 00:00:00+00:00
[2025-06-28T03:24:35.833+0000] {processor.py:183} INFO - Processing /opt/airflow/dags/etl_dag.py took 0.267 seconds
[2025-06-28T03:25:06.325+0000] {processor.py:161} INFO - Started process (PID=111) to work on /opt/airflow/dags/etl_dag.py
[2025-06-28T03:25:06.326+0000] {processor.py:830} INFO - Processing file /opt/airflow/dags/etl_dag.py for tasks to queue
[2025-06-28T03:25:06.327+0000] {logging_mixin.py:188} INFO - [2025-06-28T03:25:06.327+0000] {dagbag.py:545} INFO - Filling up the DagBag from /opt/airflow/dags/etl_dag.py
[2025-06-28T03:25:06.530+0000] {processor.py:840} INFO - DAG(s) 'etl_pipeline' retrieved from /opt/airflow/dags/etl_dag.py
[2025-06-28T03:25:06.549+0000] {logging_mixin.py:188} INFO - [2025-06-28T03:25:06.549+0000] {dag.py:3096} INFO - Sync 1 DAGs
[2025-06-28T03:25:06.563+0000] {logging_mixin.py:188} INFO - [2025-06-28T03:25:06.563+0000] {dag.py:3954} INFO - Setting next_dagrun for etl_pipeline to 2025-06-28 00:00:00+00:00, run_after=2025-06-29 00:00:00+00:00
[2025-06-28T03:25:06.580+0000] {processor.py:183} INFO - Processing /opt/airflow/dags/etl_dag.py took 0.259 seconds
[2025-06-28T03:25:36.741+0000] {processor.py:161} INFO - Started process (PID=113) to work on /opt/airflow/dags/etl_dag.py
[2025-06-28T03:25:36.742+0000] {processor.py:830} INFO - Processing file /opt/airflow/dags/etl_dag.py for tasks to queue
[2025-06-28T03:25:36.743+0000] {logging_mixin.py:188} INFO - [2025-06-28T03:25:36.743+0000] {dagbag.py:545} INFO - Filling up the DagBag from /opt/airflow/dags/etl_dag.py
[2025-06-28T03:25:36.957+0000] {processor.py:840} INFO - DAG(s) 'etl_pipeline' retrieved from /opt/airflow/dags/etl_dag.py
[2025-06-28T03:25:36.976+0000] {logging_mixin.py:188} INFO - [2025-06-28T03:25:36.976+0000] {dag.py:3096} INFO - Sync 1 DAGs
[2025-06-28T03:25:36.993+0000] {logging_mixin.py:188} INFO - [2025-06-28T03:25:36.992+0000] {dag.py:3954} INFO - Setting next_dagrun for etl_pipeline to 2025-06-28 00:00:00+00:00, run_after=2025-06-29 00:00:00+00:00
[2025-06-28T03:25:37.008+0000] {processor.py:183} INFO - Processing /opt/airflow/dags/etl_dag.py took 0.273 seconds
[2025-06-28T03:26:07.724+0000] {processor.py:161} INFO - Started process (PID=115) to work on /opt/airflow/dags/etl_dag.py
[2025-06-28T03:26:07.726+0000] {processor.py:830} INFO - Processing file /opt/airflow/dags/etl_dag.py for tasks to queue
[2025-06-28T03:26:07.727+0000] {logging_mixin.py:188} INFO - [2025-06-28T03:26:07.727+0000] {dagbag.py:545} INFO - Filling up the DagBag from /opt/airflow/dags/etl_dag.py
[2025-06-28T03:26:07.935+0000] {processor.py:840} INFO - DAG(s) 'etl_pipeline' retrieved from /opt/airflow/dags/etl_dag.py
[2025-06-28T03:26:07.956+0000] {logging_mixin.py:188} INFO - [2025-06-28T03:26:07.956+0000] {dag.py:3096} INFO - Sync 1 DAGs
[2025-06-28T03:26:07.973+0000] {logging_mixin.py:188} INFO - [2025-06-28T03:26:07.973+0000] {dag.py:3954} INFO - Setting next_dagrun for etl_pipeline to 2025-06-28 00:00:00+00:00, run_after=2025-06-29 00:00:00+00:00
[2025-06-28T03:26:07.996+0000] {processor.py:183} INFO - Processing /opt/airflow/dags/etl_dag.py took 0.276 seconds
[2025-06-28T03:26:38.038+0000] {processor.py:161} INFO - Started process (PID=117) to work on /opt/airflow/dags/etl_dag.py
[2025-06-28T03:26:38.040+0000] {processor.py:830} INFO - Processing file /opt/airflow/dags/etl_dag.py for tasks to queue
[2025-06-28T03:26:38.041+0000] {logging_mixin.py:188} INFO - [2025-06-28T03:26:38.041+0000] {dagbag.py:545} INFO - Filling up the DagBag from /opt/airflow/dags/etl_dag.py
[2025-06-28T03:26:38.240+0000] {processor.py:840} INFO - DAG(s) 'etl_pipeline' retrieved from /opt/airflow/dags/etl_dag.py
[2025-06-28T03:26:38.261+0000] {logging_mixin.py:188} INFO - [2025-06-28T03:26:38.261+0000] {dag.py:3096} INFO - Sync 1 DAGs
[2025-06-28T03:26:38.277+0000] {logging_mixin.py:188} INFO - [2025-06-28T03:26:38.277+0000] {dag.py:3954} INFO - Setting next_dagrun for etl_pipeline to 2025-06-28 00:00:00+00:00, run_after=2025-06-29 00:00:00+00:00
[2025-06-28T03:26:38.292+0000] {processor.py:183} INFO - Processing /opt/airflow/dags/etl_dag.py took 0.260 seconds
